{"/home/ifpb/Documentos/ATV_Leaflet/index.js": {"path":"/home/ifpb/Documentos/ATV_Leaflet/index.js","statementMap":{"0":{"start":{"line":1,"column":16},"end":{"line":1,"column":34}},"1":{"start":{"line":2,"column":0},"end":{"line":2,"column":27}},"2":{"start":{"line":3,"column":13},"end":{"line":3,"column":28}},"3":{"start":{"line":4,"column":19},"end":{"line":4,"column":54}},"4":{"start":{"line":6,"column":12},"end":{"line":6,"column":21}},"5":{"start":{"line":7,"column":13},"end":{"line":7,"column":29}},"6":{"start":{"line":10,"column":18},"end":{"line":12,"column":1}},"7":{"start":{"line":14,"column":0},"end":{"line":14,"column":27}},"8":{"start":{"line":15,"column":0},"end":{"line":15,"column":24}},"9":{"start":{"line":17,"column":0},"end":{"line":17,"column":25}},"10":{"start":{"line":19,"column":0},"end":{"line":21,"column":3}},"11":{"start":{"line":20,"column":2},"end":{"line":20,"column":50}},"12":{"start":{"line":23,"column":0},"end":{"line":23,"column":19}}},"fnMap":{"0":{"name":"(anonymous_0)","decl":{"start":{"line":19,"column":17},"end":{"line":19,"column":18}},"loc":{"start":{"line":19,"column":23},"end":{"line":21,"column":1}},"line":19}},"branchMap":{},"s":{"0":1,"1":1,"2":1,"3":1,"4":1,"5":1,"6":1,"7":1,"8":1,"9":1,"10":1,"11":1,"12":1},"f":{"0":1},"b":{},"_coverageSchema":"1a1c01bbd47fc00a2c39e90264f33305004495a9","hash":"b742328a41bb8fb2cb3ca36af641b7f36268da9e"}
,"/home/ifpb/Documentos/ATV_Leaflet/src/controller/userController.js": {"path":"/home/ifpb/Documentos/ATV_Leaflet/src/controller/userController.js","statementMap":{"0":{"start":{"line":1,"column":13},"end":{"line":1,"column":37}},"1":{"start":{"line":3,"column":17},"end":{"line":10,"column":1}},"2":{"start":{"line":4,"column":4},"end":{"line":9,"column":5}},"3":{"start":{"line":5,"column":15},"end":{"line":5,"column":42}},"4":{"start":{"line":6,"column":4},"end":{"line":6,"column":31}},"5":{"start":{"line":8,"column":8},"end":{"line":8,"column":54}},"6":{"start":{"line":11,"column":16},"end":{"line":18,"column":1}},"7":{"start":{"line":12,"column":4},"end":{"line":17,"column":5}},"8":{"start":{"line":13,"column":20},"end":{"line":13,"column":40}},"9":{"start":{"line":14,"column":8},"end":{"line":14,"column":35}},"10":{"start":{"line":16,"column":8},"end":{"line":16,"column":23}},"11":{"start":{"line":19,"column":19},"end":{"line":26,"column":1}},"12":{"start":{"line":20,"column":4},"end":{"line":25,"column":5}},"13":{"start":{"line":21,"column":19},"end":{"line":21,"column":53}},"14":{"start":{"line":22,"column":8},"end":{"line":22,"column":35}},"15":{"start":{"line":24,"column":8},"end":{"line":24,"column":58}},"16":{"start":{"line":27,"column":22},"end":{"line":37,"column":1}},"17":{"start":{"line":28,"column":18},"end":{"line":28,"column":28}},"18":{"start":{"line":29,"column":4},"end":{"line":36,"column":5}},"19":{"start":{"line":30,"column":19},"end":{"line":30,"column":54}},"20":{"start":{"line":33,"column":8},"end":{"line":33,"column":35}},"21":{"start":{"line":35,"column":8},"end":{"line":35,"column":43}},"22":{"start":{"line":38,"column":17},"end":{"line":50,"column":1}},"23":{"start":{"line":39,"column":35},"end":{"line":39,"column":43}},"24":{"start":{"line":40,"column":4},"end":{"line":49,"column":5}},"25":{"start":{"line":41,"column":19},"end":{"line":41,"column":53}},"26":{"start":{"line":42,"column":8},"end":{"line":42,"column":23}},"27":{"start":{"line":43,"column":8},"end":{"line":43,"column":25}},"28":{"start":{"line":44,"column":8},"end":{"line":44,"column":37}},"29":{"start":{"line":45,"column":8},"end":{"line":45,"column":26}},"30":{"start":{"line":46,"column":8},"end":{"line":46,"column":35}},"31":{"start":{"line":48,"column":8},"end":{"line":48,"column":65}},"32":{"start":{"line":51,"column":17},"end":{"line":59,"column":1}},"33":{"start":{"line":52,"column":4},"end":{"line":58,"column":5}},"34":{"start":{"line":53,"column":19},"end":{"line":53,"column":53}},"35":{"start":{"line":54,"column":8},"end":{"line":54,"column":33}},"36":{"start":{"line":55,"column":8},"end":{"line":55,"column":33}},"37":{"start":{"line":57,"column":8},"end":{"line":57,"column":59}},"38":{"start":{"line":61,"column":0},"end":{"line":61,"column":89}}},"fnMap":{"0":{"name":"(anonymous_0)","decl":{"start":{"line":3,"column":17},"end":{"line":3,"column":18}},"loc":{"start":{"line":3,"column":33},"end":{"line":10,"column":1}},"line":3},"1":{"name":"(anonymous_1)","decl":{"start":{"line":11,"column":16},"end":{"line":11,"column":17}},"loc":{"start":{"line":11,"column":32},"end":{"line":18,"column":1}},"line":11},"2":{"name":"(anonymous_2)","decl":{"start":{"line":19,"column":19},"end":{"line":19,"column":20}},"loc":{"start":{"line":19,"column":35},"end":{"line":26,"column":1}},"line":19},"3":{"name":"(anonymous_3)","decl":{"start":{"line":27,"column":22},"end":{"line":27,"column":23}},"loc":{"start":{"line":27,"column":38},"end":{"line":37,"column":1}},"line":27},"4":{"name":"(anonymous_4)","decl":{"start":{"line":38,"column":17},"end":{"line":38,"column":18}},"loc":{"start":{"line":38,"column":33},"end":{"line":50,"column":1}},"line":38},"5":{"name":"(anonymous_5)","decl":{"start":{"line":51,"column":17},"end":{"line":51,"column":18}},"loc":{"start":{"line":51,"column":33},"end":{"line":59,"column":1}},"line":51}},"branchMap":{},"s":{"0":1,"1":1,"2":0,"3":0,"4":0,"5":0,"6":1,"7":0,"8":0,"9":0,"10":0,"11":1,"12":0,"13":0,"14":0,"15":0,"16":1,"17":0,"18":0,"19":0,"20":0,"21":0,"22":1,"23":0,"24":0,"25":0,"26":0,"27":0,"28":0,"29":0,"30":0,"31":0,"32":1,"33":0,"34":0,"35":0,"36":0,"37":0,"38":1},"f":{"0":0,"1":0,"2":0,"3":0,"4":0,"5":0},"b":{},"_coverageSchema":"1a1c01bbd47fc00a2c39e90264f33305004495a9","hash":"a158ace4a23cc119f2bb0d1c652cbb572ff82fa0"}
,"/home/ifpb/Documentos/ATV_Leaflet/src/database/sequelize.js": {"path":"/home/ifpb/Documentos/ATV_Leaflet/src/database/sequelize.js","statementMap":{"0":{"start":{"line":1,"column":22},"end":{"line":1,"column":42}},"1":{"start":{"line":2,"column":0},"end":{"line":2,"column":26}},"2":{"start":{"line":4,"column":18},"end":{"line":7,"column":2}},"3":{"start":{"line":9,"column":15},"end":{"line":16,"column":1}},"4":{"start":{"line":10,"column":4},"end":{"line":15,"column":5}},"5":{"start":{"line":11,"column":8},"end":{"line":11,"column":39}},"6":{"start":{"line":12,"column":8},"end":{"line":12,"column":69}},"7":{"start":{"line":14,"column":8},"end":{"line":14,"column":63}},"8":{"start":{"line":17,"column":0},"end":{"line":17,"column":11}},"9":{"start":{"line":19,"column":0},"end":{"line":19,"column":27}}},"fnMap":{"0":{"name":"(anonymous_0)","decl":{"start":{"line":9,"column":15},"end":{"line":9,"column":16}},"loc":{"start":{"line":9,"column":25},"end":{"line":16,"column":1}},"line":9}},"branchMap":{},"s":{"0":1,"1":1,"2":1,"3":1,"4":1,"5":1,"6":1,"7":0,"8":1,"9":1},"f":{"0":1},"b":{},"_coverageSchema":"1a1c01bbd47fc00a2c39e90264f33305004495a9","hash":"aaf3234579138b2ceaab903d90746c2ae6a88536"}
,"/home/ifpb/Documentos/ATV_Leaflet/src/model/User.js": {"path":"/home/ifpb/Documentos/ATV_Leaflet/src/model/User.js","statementMap":{"0":{"start":{"line":1,"column":18},"end":{"line":1,"column":50}},"1":{"start":{"line":2,"column":18},"end":{"line":2,"column":38}},"2":{"start":{"line":4,"column":11},"end":{"line":25,"column":2}},"3":{"start":{"line":28,"column":4},"end":{"line":28,"column":22}},"4":{"start":{"line":29,"column":4},"end":{"line":29,"column":64}},"5":{"start":{"line":31,"column":0},"end":{"line":31,"column":14}},"6":{"start":{"line":33,"column":0},"end":{"line":33,"column":22}}},"fnMap":{"0":{"name":"sincronizar","decl":{"start":{"line":27,"column":15},"end":{"line":27,"column":26}},"loc":{"start":{"line":27,"column":29},"end":{"line":30,"column":3}},"line":27}},"branchMap":{},"s":{"0":1,"1":1,"2":1,"3":1,"4":1,"5":1,"6":1},"f":{"0":1},"b":{},"_coverageSchema":"1a1c01bbd47fc00a2c39e90264f33305004495a9","hash":"129e5cf220c559b8782ec2a9c9a41da5d063680e"}
,"/home/ifpb/Documentos/ATV_Leaflet/src/routes/userRouters.js": {"path":"/home/ifpb/Documentos/ATV_Leaflet/src/routes/userRouters.js","statementMap":{"0":{"start":{"line":1,"column":16},"end":{"line":1,"column":34}},"1":{"start":{"line":2,"column":15},"end":{"line":2,"column":31}},"2":{"start":{"line":3,"column":82},"end":{"line":3,"column":121}},"3":{"start":{"line":5,"column":0},"end":{"line":5,"column":29}},"4":{"start":{"line":6,"column":0},"end":{"line":6,"column":27}},"5":{"start":{"line":7,"column":0},"end":{"line":7,"column":33}},"6":{"start":{"line":8,"column":0},"end":{"line":8,"column":31}},"7":{"start":{"line":9,"column":0},"end":{"line":9,"column":34}},"8":{"start":{"line":10,"column":0},"end":{"line":10,"column":45}},"9":{"start":{"line":12,"column":0},"end":{"line":12,"column":28}}},"fnMap":{},"branchMap":{},"s":{"0":1,"1":1,"2":1,"3":1,"4":1,"5":1,"6":1,"7":1,"8":1,"9":1},"f":{},"b":{},"_coverageSchema":"1a1c01bbd47fc00a2c39e90264f33305004495a9","hash":"5bcecaa988a512f37bbce27dc4f83319e13b26dc"}
}
