TN:
SF:index.js
FN:19,(anonymous_0)
FNF:1
FNH:1
FNDA:1,(anonymous_0)
DA:1,1
DA:2,1
DA:3,1
DA:4,1
DA:6,1
DA:7,1
DA:10,1
DA:14,1
DA:15,1
DA:17,1
DA:19,1
DA:20,1
DA:23,1
LF:13
LH:13
BRF:0
BRH:0
end_of_record
TN:
SF:src/controller/userController.js
FN:3,(anonymous_0)
FN:15,(anonymous_1)
FN:23,(anonymous_2)
FN:34,(anonymous_3)
FN:47,(anonymous_4)
FNF:5
FNH:5
FNDA:2,(anonymous_0)
FNDA:2,(anonymous_1)
FNDA:1,(anonymous_2)
FNDA:1,(anonymous_3)
FNDA:1,(anonymous_4)
DA:1,1
DA:3,1
DA:4,2
DA:5,2
DA:6,1
DA:8,1
DA:9,1
DA:11,0
DA:15,1
DA:16,2
DA:17,2
DA:18,2
DA:20,0
DA:23,1
DA:24,1
DA:25,1
DA:26,1
DA:29,1
DA:31,0
DA:34,1
DA:35,1
DA:36,1
DA:37,1
DA:38,1
DA:39,1
DA:40,1
DA:41,1
DA:42,1
DA:44,0
DA:47,1
DA:48,1
DA:49,1
DA:50,1
DA:51,1
DA:53,0
DA:57,1
LF:36
LH:31
BRDA:8,0,0,1
BRDA:8,0,1,0
BRF:2
BRH:1
end_of_record
TN:
SF:src/database/sequelize.js
FN:9,(anonymous_0)
FNF:1
FNH:1
FNDA:1,(anonymous_0)
DA:1,1
DA:2,1
DA:4,1
DA:9,1
DA:10,1
DA:11,1
DA:12,1
DA:14,0
DA:17,1
DA:19,1
LF:10
LH:9
BRF:0
BRH:0
end_of_record
TN:
SF:src/model/User.js
FN:27,sincronizar
FNF:1
FNH:1
FNDA:1,sincronizar
DA:1,1
DA:2,1
DA:4,1
DA:28,1
DA:29,1
DA:31,1
DA:33,1
LF:7
LH:7
BRF:0
BRH:0
end_of_record
TN:
SF:src/routes/userRouters.js
FNF:0
FNH:0
DA:1,1
DA:2,1
DA:3,1
DA:5,1
DA:6,1
DA:7,1
DA:8,1
DA:9,1
DA:11,1
LF:9
LH:9
BRF:0
BRH:0
end_of_record
